{"C:\\Users\\DELL\\Desktop\\PM3AhmedHazem\\tagging-service\\src\\app.js": {"path":"C:\\Users\\DELL\\Desktop\\PM3AhmedHazem\\tagging-service\\src\\app.js","statementMap":{"0":{"start":{"line":1,"column":0},"end":{"line":1,"column":27}},"1":{"start":{"line":3,"column":16},"end":{"line":3,"column":34}},"2":{"start":{"line":4,"column":13},"end":{"line":4,"column":28}},"3":{"start":{"line":5,"column":15},"end":{"line":5,"column":32}},"4":{"start":{"line":7,"column":28},"end":{"line":7,"column":73}},"5":{"start":{"line":8,"column":24},"end":{"line":8,"column":64}},"6":{"start":{"line":9,"column":30},"end":{"line":9,"column":64}},"7":{"start":{"line":11,"column":21},"end":{"line":11,"column":54}},"8":{"start":{"line":12,"column":18},"end":{"line":12,"column":48}},"9":{"start":{"line":13,"column":22},"end":{"line":13,"column":56}},"10":{"start":{"line":14,"column":19},"end":{"line":14,"column":50}},"11":{"start":{"line":16,"column":12},"end":{"line":16,"column":21}},"12":{"start":{"line":18,"column":0},"end":{"line":18,"column":18}},"13":{"start":{"line":19,"column":0},"end":{"line":19,"column":16}},"14":{"start":{"line":20,"column":0},"end":{"line":20,"column":24}},"15":{"start":{"line":22,"column":0},"end":{"line":22,"column":29}},"16":{"start":{"line":23,"column":0},"end":{"line":23,"column":27}},"17":{"start":{"line":25,"column":0},"end":{"line":25,"column":22}},"18":{"start":{"line":26,"column":0},"end":{"line":26,"column":19}},"19":{"start":{"line":27,"column":0},"end":{"line":27,"column":23}},"20":{"start":{"line":28,"column":0},"end":{"line":28,"column":20}},"21":{"start":{"line":30,"column":0},"end":{"line":30,"column":25}},"22":{"start":{"line":32,"column":0},"end":{"line":32,"column":21}}},"fnMap":{},"branchMap":{},"s":{"0":1,"1":1,"2":1,"3":1,"4":1,"5":1,"6":1,"7":1,"8":1,"9":1,"10":1,"11":1,"12":1,"13":1,"14":1,"15":1,"16":1,"17":1,"18":1,"19":1,"20":1,"21":1,"22":1},"f":{},"b":{},"_coverageSchema":"1a1c01bbd47fc00a2c39e90264f33305004495a9","hash":"ae7e2f146d4235aba5716ccb0083e92c8285afef"}
,"C:\\Users\\DELL\\Desktop\\PM3AhmedHazem\\tagging-service\\src\\controllers\\tag.controller.js": {"path":"C:\\Users\\DELL\\Desktop\\PM3AhmedHazem\\tagging-service\\src\\controllers\\tag.controller.js","statementMap":{"0":{"start":{"line":1,"column":19},"end":{"line":1,"column":53}},"1":{"start":{"line":2,"column":28},"end":{"line":2,"column":56}},"2":{"start":{"line":3,"column":15},"end":{"line":3,"column":49}},"3":{"start":{"line":6,"column":2},"end":{"line":18,"column":3}},"4":{"start":{"line":7,"column":16},"end":{"line":7,"column":52}},"5":{"start":{"line":9,"column":4},"end":{"line":12,"column":7}},"6":{"start":{"line":14,"column":21},"end":{"line":14,"column":51}},"7":{"start":{"line":15,"column":4},"end":{"line":15,"column":56}},"8":{"start":{"line":17,"column":4},"end":{"line":17,"column":14}},"9":{"start":{"line":22,"column":2},"end":{"line":34,"column":3}},"10":{"start":{"line":23,"column":19},"end":{"line":26,"column":6}},"11":{"start":{"line":28,"column":4},"end":{"line":28,"column":66}},"12":{"start":{"line":30,"column":21},"end":{"line":30,"column":54}},"13":{"start":{"line":31,"column":4},"end":{"line":31,"column":56}},"14":{"start":{"line":33,"column":4},"end":{"line":33,"column":14}},"15":{"start":{"line":37,"column":0},"end":{"line":40,"column":2}}},"fnMap":{"0":{"name":"createTag","decl":{"start":{"line":5,"column":15},"end":{"line":5,"column":24}},"loc":{"start":{"line":5,"column":41},"end":{"line":19,"column":1}},"line":5},"1":{"name":"attachTagToFile","decl":{"start":{"line":21,"column":15},"end":{"line":21,"column":30}},"loc":{"start":{"line":21,"column":47},"end":{"line":35,"column":1}},"line":21}},"branchMap":{},"s":{"0":1,"1":1,"2":1,"3":1,"4":1,"5":1,"6":1,"7":1,"8":0,"9":1,"10":1,"11":1,"12":1,"13":1,"14":0,"15":1},"f":{"0":1,"1":1},"b":{},"_coverageSchema":"1a1c01bbd47fc00a2c39e90264f33305004495a9","hash":"a377af6dd401e17cc62195d83eb3952d19bc8557"}
,"C:\\Users\\DELL\\Desktop\\PM3AhmedHazem\\tagging-service\\src\\docs\\swagger.js": {"path":"C:\\Users\\DELL\\Desktop\\PM3AhmedHazem\\tagging-service\\src\\docs\\swagger.js","statementMap":{"0":{"start":{"line":1,"column":21},"end":{"line":1,"column":45}},"1":{"start":{"line":3,"column":14},"end":{"line":13,"column":2}},"2":{"start":{"line":15,"column":0},"end":{"line":15,"column":23}}},"fnMap":{},"branchMap":{},"s":{"0":1,"1":1,"2":1},"f":{},"b":{},"_coverageSchema":"1a1c01bbd47fc00a2c39e90264f33305004495a9","hash":"e93466614bbe4abaac87ee59e6f1e2e51daccfdb"}
,"C:\\Users\\DELL\\Desktop\\PM3AhmedHazem\\tagging-service\\src\\middleware\\error.middleware.js": {"path":"C:\\Users\\DELL\\Desktop\\PM3AhmedHazem\\tagging-service\\src\\middleware\\error.middleware.js","statementMap":{"0":{"start":{"line":2,"column":21},"end":{"line":2,"column":42}},"1":{"start":{"line":4,"column":2},"end":{"line":15,"column":5}},"2":{"start":{"line":18,"column":0},"end":{"line":18,"column":33}}},"fnMap":{"0":{"name":"errorMiddleware","decl":{"start":{"line":1,"column":9},"end":{"line":1,"column":24}},"loc":{"start":{"line":1,"column":46},"end":{"line":16,"column":1}},"line":1}},"branchMap":{"0":{"loc":{"start":{"line":2,"column":21},"end":{"line":2,"column":42}},"type":"binary-expr","locations":[{"start":{"line":2,"column":21},"end":{"line":2,"column":35}},{"start":{"line":2,"column":39},"end":{"line":2,"column":42}}],"line":2},"1":{"loc":{"start":{"line":7,"column":12},"end":{"line":7,"column":47}},"type":"binary-expr","locations":[{"start":{"line":7,"column":12},"end":{"line":7,"column":20}},{"start":{"line":7,"column":24},"end":{"line":7,"column":47}}],"line":7},"2":{"loc":{"start":{"line":8,"column":15},"end":{"line":8,"column":55}},"type":"binary-expr","locations":[{"start":{"line":8,"column":15},"end":{"line":8,"column":26}},{"start":{"line":8,"column":30},"end":{"line":8,"column":55}}],"line":8},"3":{"loc":{"start":{"line":9,"column":15},"end":{"line":9,"column":32}},"type":"binary-expr","locations":[{"start":{"line":9,"column":15},"end":{"line":9,"column":26}},{"start":{"line":9,"column":30},"end":{"line":9,"column":32}}],"line":9}},"s":{"0":0,"1":0,"2":1},"f":{"0":0},"b":{"0":[0,0],"1":[0,0],"2":[0,0],"3":[0,0]},"_coverageSchema":"1a1c01bbd47fc00a2c39e90264f33305004495a9","hash":"0f558d3b7d3602e88d931dcc5290023a23d33574"}
,"C:\\Users\\DELL\\Desktop\\PM3AhmedHazem\\tagging-service\\src\\middleware\\request-id.middleware.js": {"path":"C:\\Users\\DELL\\Desktop\\PM3AhmedHazem\\tagging-service\\src\\middleware\\request-id.middleware.js","statementMap":{"0":{"start":{"line":1,"column":23},"end":{"line":1,"column":38}},"1":{"start":{"line":4,"column":2},"end":{"line":4,"column":58}},"2":{"start":{"line":5,"column":2},"end":{"line":5,"column":47}},"3":{"start":{"line":6,"column":2},"end":{"line":6,"column":9}},"4":{"start":{"line":9,"column":0},"end":{"line":9,"column":37}}},"fnMap":{"0":{"name":"requestIdMiddleware","decl":{"start":{"line":3,"column":9},"end":{"line":3,"column":28}},"loc":{"start":{"line":3,"column":45},"end":{"line":7,"column":1}},"line":3}},"branchMap":{"0":{"loc":{"start":{"line":4,"column":18},"end":{"line":4,"column":57}},"type":"binary-expr","locations":[{"start":{"line":4,"column":18},"end":{"line":4,"column":45}},{"start":{"line":4,"column":49},"end":{"line":4,"column":57}}],"line":4}},"s":{"0":1,"1":3,"2":3,"3":3,"4":1},"f":{"0":3},"b":{"0":[3,3]},"_coverageSchema":"1a1c01bbd47fc00a2c39e90264f33305004495a9","hash":"9262491b80bd03c155ae55b4aed198182995f65c"}
,"C:\\Users\\DELL\\Desktop\\PM3AhmedHazem\\tagging-service\\src\\observability\\logger.js": {"path":"C:\\Users\\DELL\\Desktop\\PM3AhmedHazem\\tagging-service\\src\\observability\\logger.js","statementMap":{"0":{"start":{"line":2,"column":16},"end":{"line":9,"column":3}},"1":{"start":{"line":11,"column":2},"end":{"line":11,"column":37}},"2":{"start":{"line":14,"column":0},"end":{"line":18,"column":2}},"3":{"start":{"line":15,"column":33},"end":{"line":15,"column":65}},"4":{"start":{"line":16,"column":33},"end":{"line":16,"column":65}},"5":{"start":{"line":17,"column":34},"end":{"line":17,"column":67}}},"fnMap":{"0":{"name":"log","decl":{"start":{"line":1,"column":9},"end":{"line":1,"column":12}},"loc":{"start":{"line":1,"column":53},"end":{"line":12,"column":1}},"line":1},"1":{"name":"(anonymous_1)","decl":{"start":{"line":15,"column":8},"end":{"line":15,"column":9}},"loc":{"start":{"line":15,"column":33},"end":{"line":15,"column":65}},"line":15},"2":{"name":"(anonymous_2)","decl":{"start":{"line":16,"column":8},"end":{"line":16,"column":9}},"loc":{"start":{"line":16,"column":33},"end":{"line":16,"column":65}},"line":16},"3":{"name":"(anonymous_3)","decl":{"start":{"line":17,"column":9},"end":{"line":17,"column":10}},"loc":{"start":{"line":17,"column":34},"end":{"line":17,"column":67}},"line":17}},"branchMap":{"0":{"loc":{"start":{"line":1,"column":29},"end":{"line":1,"column":39}},"type":"default-arg","locations":[{"start":{"line":1,"column":35},"end":{"line":1,"column":39}}],"line":1},"1":{"loc":{"start":{"line":1,"column":41},"end":{"line":1,"column":51}},"type":"default-arg","locations":[{"start":{"line":1,"column":49},"end":{"line":1,"column":51}}],"line":1},"2":{"loc":{"start":{"line":5,"column":16},"end":{"line":5,"column":38}},"type":"binary-expr","locations":[{"start":{"line":5,"column":16},"end":{"line":5,"column":30}},{"start":{"line":5,"column":34},"end":{"line":5,"column":38}}],"line":5}},"s":{"0":2,"1":2,"2":1,"3":2,"4":0,"5":0},"f":{"0":2,"1":2,"2":0,"3":0},"b":{"0":[0],"1":[0],"2":[2,0]},"_coverageSchema":"1a1c01bbd47fc00a2c39e90264f33305004495a9","hash":"649373866159431b399485e77df1c604b6f8f45d"}
,"C:\\Users\\DELL\\Desktop\\PM3AhmedHazem\\tagging-service\\src\\observability\\metrics.js": {"path":"C:\\Users\\DELL\\Desktop\\PM3AhmedHazem\\tagging-service\\src\\observability\\metrics.js","statementMap":{"0":{"start":{"line":1,"column":15},"end":{"line":1,"column":37}},"1":{"start":{"line":3,"column":17},"end":{"line":3,"column":38}},"2":{"start":{"line":5,"column":0},"end":{"line":7,"column":3}},"3":{"start":{"line":9,"column":26},"end":{"line":13,"column":2}},"4":{"start":{"line":15,"column":35},"end":{"line":20,"column":2}},"5":{"start":{"line":22,"column":24},"end":{"line":26,"column":2}},"6":{"start":{"line":28,"column":0},"end":{"line":28,"column":43}},"7":{"start":{"line":29,"column":0},"end":{"line":29,"column":52}},"8":{"start":{"line":30,"column":0},"end":{"line":30,"column":41}},"9":{"start":{"line":33,"column":14},"end":{"line":33,"column":53}},"10":{"start":{"line":35,"column":2},"end":{"line":49,"column":5}},"11":{"start":{"line":36,"column":18},"end":{"line":36,"column":45}},"12":{"start":{"line":37,"column":19},"end":{"line":41,"column":5}},"13":{"start":{"line":43,"column":4},"end":{"line":43,"column":34}},"14":{"start":{"line":44,"column":4},"end":{"line":44,"column":16}},"15":{"start":{"line":46,"column":4},"end":{"line":48,"column":5}},"16":{"start":{"line":47,"column":6},"end":{"line":47,"column":34}},"17":{"start":{"line":51,"column":2},"end":{"line":51,"column":9}},"18":{"start":{"line":54,"column":0},"end":{"line":57,"column":2}}},"fnMap":{"0":{"name":"metricsMiddleware","decl":{"start":{"line":32,"column":9},"end":{"line":32,"column":26}},"loc":{"start":{"line":32,"column":43},"end":{"line":52,"column":1}},"line":32},"1":{"name":"(anonymous_1)","decl":{"start":{"line":35,"column":19},"end":{"line":35,"column":20}},"loc":{"start":{"line":35,"column":25},"end":{"line":49,"column":3}},"line":35}},"branchMap":{"0":{"loc":{"start":{"line":36,"column":18},"end":{"line":36,"column":45}},"type":"binary-expr","locations":[{"start":{"line":36,"column":18},"end":{"line":36,"column":33}},{"start":{"line":36,"column":37},"end":{"line":36,"column":45}}],"line":36},"1":{"loc":{"start":{"line":46,"column":4},"end":{"line":48,"column":5}},"type":"if","locations":[{"start":{"line":46,"column":4},"end":{"line":48,"column":5}},{"start":{},"end":{}}],"line":46}},"s":{"0":1,"1":1,"2":1,"3":1,"4":1,"5":1,"6":1,"7":1,"8":1,"9":3,"10":3,"11":3,"12":3,"13":3,"14":3,"15":3,"16":0,"17":3,"18":1},"f":{"0":3,"1":3},"b":{"0":[3,0],"1":[0,3]},"_coverageSchema":"1a1c01bbd47fc00a2c39e90264f33305004495a9","hash":"50f3f9d0e0c73103ca09c68530ea261f46973758"}
,"C:\\Users\\DELL\\Desktop\\PM3AhmedHazem\\tagging-service\\src\\routes\\docs.routes.js": {"path":"C:\\Users\\DELL\\Desktop\\PM3AhmedHazem\\tagging-service\\src\\routes\\docs.routes.js","statementMap":{"0":{"start":{"line":1,"column":16},"end":{"line":1,"column":34}},"1":{"start":{"line":2,"column":18},"end":{"line":2,"column":47}},"2":{"start":{"line":3,"column":14},"end":{"line":3,"column":40}},"3":{"start":{"line":5,"column":15},"end":{"line":5,"column":31}},"4":{"start":{"line":7,"column":0},"end":{"line":7,"column":61}},"5":{"start":{"line":9,"column":0},"end":{"line":9,"column":24}}},"fnMap":{},"branchMap":{},"s":{"0":1,"1":1,"2":1,"3":1,"4":1,"5":1},"f":{},"b":{},"_coverageSchema":"1a1c01bbd47fc00a2c39e90264f33305004495a9","hash":"df8d6e71a207251a4ff34d5af9ffaeff21de1c41"}
,"C:\\Users\\DELL\\Desktop\\PM3AhmedHazem\\tagging-service\\src\\routes\\health.routes.js": {"path":"C:\\Users\\DELL\\Desktop\\PM3AhmedHazem\\tagging-service\\src\\routes\\health.routes.js","statementMap":{"0":{"start":{"line":1,"column":16},"end":{"line":1,"column":34}},"1":{"start":{"line":3,"column":15},"end":{"line":3,"column":31}},"2":{"start":{"line":5,"column":0},"end":{"line":16,"column":3}},"3":{"start":{"line":6,"column":2},"end":{"line":15,"column":5}},"4":{"start":{"line":18,"column":0},"end":{"line":30,"column":3}},"5":{"start":{"line":19,"column":2},"end":{"line":29,"column":5}},"6":{"start":{"line":32,"column":0},"end":{"line":32,"column":24}}},"fnMap":{"0":{"name":"(anonymous_0)","decl":{"start":{"line":5,"column":22},"end":{"line":5,"column":23}},"loc":{"start":{"line":5,"column":36},"end":{"line":16,"column":1}},"line":5},"1":{"name":"(anonymous_1)","decl":{"start":{"line":18,"column":21},"end":{"line":18,"column":22}},"loc":{"start":{"line":18,"column":35},"end":{"line":30,"column":1}},"line":18}},"branchMap":{"0":{"loc":{"start":{"line":12,"column":15},"end":{"line":12,"column":60}},"type":"binary-expr","locations":[{"start":{"line":12,"column":15},"end":{"line":12,"column":39}},{"start":{"line":12,"column":43},"end":{"line":12,"column":60}}],"line":12},"1":{"loc":{"start":{"line":13,"column":18},"end":{"line":13,"column":39}},"type":"binary-expr","locations":[{"start":{"line":13,"column":18},"end":{"line":13,"column":31}},{"start":{"line":13,"column":35},"end":{"line":13,"column":39}}],"line":13},"2":{"loc":{"start":{"line":26,"column":15},"end":{"line":26,"column":60}},"type":"binary-expr","locations":[{"start":{"line":26,"column":15},"end":{"line":26,"column":39}},{"start":{"line":26,"column":43},"end":{"line":26,"column":60}}],"line":26},"3":{"loc":{"start":{"line":27,"column":18},"end":{"line":27,"column":39}},"type":"binary-expr","locations":[{"start":{"line":27,"column":18},"end":{"line":27,"column":31}},{"start":{"line":27,"column":35},"end":{"line":27,"column":39}}],"line":27}},"s":{"0":1,"1":1,"2":1,"3":1,"4":1,"5":0,"6":1},"f":{"0":1,"1":0},"b":{"0":[1,0],"1":[1,0],"2":[0,0],"3":[0,0]},"_coverageSchema":"1a1c01bbd47fc00a2c39e90264f33305004495a9","hash":"4234711368dca9b085356226a2da84024787c7ed"}
,"C:\\Users\\DELL\\Desktop\\PM3AhmedHazem\\tagging-service\\src\\routes\\metrics.routes.js": {"path":"C:\\Users\\DELL\\Desktop\\PM3AhmedHazem\\tagging-service\\src\\routes\\metrics.routes.js","statementMap":{"0":{"start":{"line":1,"column":16},"end":{"line":1,"column":34}},"1":{"start":{"line":2,"column":21},"end":{"line":2,"column":56}},"2":{"start":{"line":4,"column":15},"end":{"line":4,"column":31}},"3":{"start":{"line":6,"column":0},"end":{"line":9,"column":3}},"4":{"start":{"line":7,"column":2},"end":{"line":7,"column":48}},"5":{"start":{"line":8,"column":2},"end":{"line":8,"column":36}},"6":{"start":{"line":11,"column":0},"end":{"line":11,"column":24}}},"fnMap":{"0":{"name":"(anonymous_0)","decl":{"start":{"line":6,"column":23},"end":{"line":6,"column":24}},"loc":{"start":{"line":6,"column":43},"end":{"line":9,"column":1}},"line":6}},"branchMap":{},"s":{"0":1,"1":1,"2":1,"3":1,"4":0,"5":0,"6":1},"f":{"0":0},"b":{},"_coverageSchema":"1a1c01bbd47fc00a2c39e90264f33305004495a9","hash":"7587edce748d7d1dbe14c374f7186dfb574e8c49"}
,"C:\\Users\\DELL\\Desktop\\PM3AhmedHazem\\tagging-service\\src\\routes\\tag.routes.js": {"path":"C:\\Users\\DELL\\Desktop\\PM3AhmedHazem\\tagging-service\\src\\routes\\tag.routes.js","statementMap":{"0":{"start":{"line":1,"column":16},"end":{"line":1,"column":34}},"1":{"start":{"line":2,"column":19},"end":{"line":2,"column":59}},"2":{"start":{"line":4,"column":15},"end":{"line":4,"column":31}},"3":{"start":{"line":32,"column":0},"end":{"line":32,"column":43}},"4":{"start":{"line":67,"column":0},"end":{"line":67,"column":59}},"5":{"start":{"line":69,"column":0},"end":{"line":69,"column":43}},"6":{"start":{"line":70,"column":0},"end":{"line":70,"column":59}},"7":{"start":{"line":72,"column":0},"end":{"line":72,"column":24}}},"fnMap":{},"branchMap":{},"s":{"0":1,"1":1,"2":1,"3":1,"4":1,"5":1,"6":1,"7":1},"f":{},"b":{},"_coverageSchema":"1a1c01bbd47fc00a2c39e90264f33305004495a9","hash":"2a8e654cb0ac17ba72e87a26647a5d9b6d4684ca"}
,"C:\\Users\\DELL\\Desktop\\PM3AhmedHazem\\tagging-service\\src\\services\\tag.service.js": {"path":"C:\\Users\\DELL\\Desktop\\PM3AhmedHazem\\tagging-service\\src\\services\\tag.service.js","statementMap":{"0":{"start":{"line":1,"column":19},"end":{"line":1,"column":60}},"1":{"start":{"line":4,"column":19},"end":{"line":4,"column":24}},"2":{"start":{"line":6,"column":2},"end":{"line":11,"column":3}},"3":{"start":{"line":7,"column":18},"end":{"line":7,"column":69}},"4":{"start":{"line":8,"column":4},"end":{"line":8,"column":36}},"5":{"start":{"line":9,"column":4},"end":{"line":9,"column":27}},"6":{"start":{"line":10,"column":4},"end":{"line":10,"column":16}},"7":{"start":{"line":13,"column":2},"end":{"line":24,"column":3}},"8":{"start":{"line":14,"column":4},"end":{"line":14,"column":73}},"9":{"start":{"line":16,"column":4},"end":{"line":21,"column":5}},"10":{"start":{"line":17,"column":20},"end":{"line":17,"column":51}},"11":{"start":{"line":18,"column":6},"end":{"line":18,"column":35}},"12":{"start":{"line":19,"column":6},"end":{"line":19,"column":29}},"13":{"start":{"line":20,"column":6},"end":{"line":20,"column":18}},"14":{"start":{"line":23,"column":4},"end":{"line":23,"column":14}},"15":{"start":{"line":28,"column":30},"end":{"line":28,"column":35}},"16":{"start":{"line":30,"column":2},"end":{"line":35,"column":3}},"17":{"start":{"line":31,"column":18},"end":{"line":31,"column":50}},"18":{"start":{"line":32,"column":4},"end":{"line":32,"column":36}},"19":{"start":{"line":33,"column":4},"end":{"line":33,"column":27}},"20":{"start":{"line":34,"column":4},"end":{"line":34,"column":16}},"21":{"start":{"line":37,"column":2},"end":{"line":42,"column":3}},"22":{"start":{"line":38,"column":18},"end":{"line":38,"column":49}},"23":{"start":{"line":39,"column":4},"end":{"line":39,"column":35}},"24":{"start":{"line":40,"column":4},"end":{"line":40,"column":27}},"25":{"start":{"line":41,"column":4},"end":{"line":41,"column":16}},"26":{"start":{"line":44,"column":2},"end":{"line":55,"column":3}},"27":{"start":{"line":45,"column":4},"end":{"line":45,"column":61}},"28":{"start":{"line":47,"column":4},"end":{"line":52,"column":5}},"29":{"start":{"line":48,"column":20},"end":{"line":48,"column":69}},"30":{"start":{"line":49,"column":6},"end":{"line":49,"column":40}},"31":{"start":{"line":50,"column":6},"end":{"line":50,"column":29}},"32":{"start":{"line":51,"column":6},"end":{"line":51,"column":18}},"33":{"start":{"line":54,"column":4},"end":{"line":54,"column":14}},"34":{"start":{"line":58,"column":0},"end":{"line":61,"column":2}}},"fnMap":{"0":{"name":"createTag","decl":{"start":{"line":3,"column":15},"end":{"line":3,"column":24}},"loc":{"start":{"line":3,"column":32},"end":{"line":25,"column":1}},"line":3},"1":{"name":"attachTagToFile","decl":{"start":{"line":27,"column":15},"end":{"line":27,"column":30}},"loc":{"start":{"line":27,"column":38},"end":{"line":56,"column":1}},"line":27}},"branchMap":{"0":{"loc":{"start":{"line":6,"column":2},"end":{"line":11,"column":3}},"type":"if","locations":[{"start":{"line":6,"column":2},"end":{"line":11,"column":3}},{"start":{},"end":{}}],"line":6},"1":{"loc":{"start":{"line":6,"column":6},"end":{"line":6,"column":45}},"type":"binary-expr","locations":[{"start":{"line":6,"column":6},"end":{"line":6,"column":11}},{"start":{"line":6,"column":15},"end":{"line":6,"column":45}}],"line":6},"2":{"loc":{"start":{"line":16,"column":4},"end":{"line":21,"column":5}},"type":"if","locations":[{"start":{"line":16,"column":4},"end":{"line":21,"column":5}},{"start":{},"end":{}}],"line":16},"3":{"loc":{"start":{"line":30,"column":2},"end":{"line":35,"column":3}},"type":"if","locations":[{"start":{"line":30,"column":2},"end":{"line":35,"column":3}},{"start":{},"end":{}}],"line":30},"4":{"loc":{"start":{"line":37,"column":2},"end":{"line":42,"column":3}},"type":"if","locations":[{"start":{"line":37,"column":2},"end":{"line":42,"column":3}},{"start":{},"end":{}}],"line":37},"5":{"loc":{"start":{"line":47,"column":4},"end":{"line":52,"column":5}},"type":"if","locations":[{"start":{"line":47,"column":4},"end":{"line":52,"column":5}},{"start":{},"end":{}}],"line":47}},"s":{"0":2,"1":4,"2":4,"3":1,"4":1,"5":1,"6":1,"7":3,"8":3,"9":1,"10":1,"11":1,"12":1,"13":1,"14":0,"15":3,"16":3,"17":0,"18":0,"19":0,"20":0,"21":3,"22":0,"23":0,"24":0,"25":0,"26":3,"27":3,"28":1,"29":1,"30":1,"31":1,"32":1,"33":0,"34":2},"f":{"0":4,"1":3},"b":{"0":[1,3],"1":[4,3],"2":[1,0],"3":[0,3],"4":[0,3],"5":[1,0]},"_coverageSchema":"1a1c01bbd47fc00a2c39e90264f33305004495a9","hash":"4548f8735c2c1196597b1f7e4d0721a969d1b57b"}
,"C:\\Users\\DELL\\Desktop\\PM3AhmedHazem\\tagging-service\\src\\utils\\response.js": {"path":"C:\\Users\\DELL\\Desktop\\PM3AhmedHazem\\tagging-service\\src\\utils\\response.js","statementMap":{"0":{"start":{"line":2,"column":2},"end":{"line":12,"column":4}},"1":{"start":{"line":16,"column":2},"end":{"line":30,"column":4}},"2":{"start":{"line":33,"column":0},"end":{"line":36,"column":2}}},"fnMap":{"0":{"name":"successResponse","decl":{"start":{"line":1,"column":9},"end":{"line":1,"column":24}},"loc":{"start":{"line":1,"column":54},"end":{"line":13,"column":1}},"line":1},"1":{"name":"errorResponse","decl":{"start":{"line":15,"column":9},"end":{"line":15,"column":22}},"loc":{"start":{"line":15,"column":75},"end":{"line":31,"column":1}},"line":15}},"branchMap":{"0":{"loc":{"start":{"line":1,"column":36},"end":{"line":1,"column":52}},"type":"default-arg","locations":[{"start":{"line":1,"column":49},"end":{"line":1,"column":52}}],"line":1},"1":{"loc":{"start":{"line":15,"column":43},"end":{"line":15,"column":55}},"type":"default-arg","locations":[{"start":{"line":15,"column":53},"end":{"line":15,"column":55}}],"line":15},"2":{"loc":{"start":{"line":15,"column":57},"end":{"line":15,"column":73}},"type":"default-arg","locations":[{"start":{"line":15,"column":70},"end":{"line":15,"column":73}}],"line":15}},"s":{"0":2,"1":0,"2":1},"f":{"0":2,"1":0},"b":{"0":[0],"1":[0],"2":[0]},"_coverageSchema":"1a1c01bbd47fc00a2c39e90264f33305004495a9","hash":"e85dc5fd9e862b3c44175aeacda50b8d3bbba0d6"}
}
