{"C:\\Users\\DELL\\Desktop\\PM3AhmedHazem\\versioning-service\\src\\app.js": {"path":"C:\\Users\\DELL\\Desktop\\PM3AhmedHazem\\versioning-service\\src\\app.js","statementMap":{"0":{"start":{"line":1,"column":0},"end":{"line":1,"column":27}},"1":{"start":{"line":3,"column":16},"end":{"line":3,"column":34}},"2":{"start":{"line":4,"column":13},"end":{"line":4,"column":28}},"3":{"start":{"line":5,"column":15},"end":{"line":5,"column":32}},"4":{"start":{"line":7,"column":28},"end":{"line":7,"column":73}},"5":{"start":{"line":8,"column":24},"end":{"line":8,"column":64}},"6":{"start":{"line":9,"column":30},"end":{"line":9,"column":64}},"7":{"start":{"line":11,"column":21},"end":{"line":11,"column":54}},"8":{"start":{"line":12,"column":22},"end":{"line":12,"column":56}},"9":{"start":{"line":13,"column":22},"end":{"line":13,"column":56}},"10":{"start":{"line":14,"column":19},"end":{"line":14,"column":50}},"11":{"start":{"line":16,"column":12},"end":{"line":16,"column":21}},"12":{"start":{"line":18,"column":0},"end":{"line":18,"column":18}},"13":{"start":{"line":19,"column":0},"end":{"line":19,"column":16}},"14":{"start":{"line":20,"column":0},"end":{"line":20,"column":24}},"15":{"start":{"line":22,"column":0},"end":{"line":22,"column":29}},"16":{"start":{"line":23,"column":0},"end":{"line":23,"column":27}},"17":{"start":{"line":25,"column":0},"end":{"line":25,"column":22}},"18":{"start":{"line":26,"column":0},"end":{"line":26,"column":23}},"19":{"start":{"line":27,"column":0},"end":{"line":27,"column":23}},"20":{"start":{"line":28,"column":0},"end":{"line":28,"column":20}},"21":{"start":{"line":30,"column":0},"end":{"line":30,"column":25}},"22":{"start":{"line":32,"column":0},"end":{"line":32,"column":21}}},"fnMap":{},"branchMap":{},"s":{"0":1,"1":1,"2":1,"3":1,"4":1,"5":1,"6":1,"7":1,"8":1,"9":1,"10":1,"11":1,"12":1,"13":1,"14":1,"15":1,"16":1,"17":1,"18":1,"19":1,"20":1,"21":1,"22":1},"f":{},"b":{},"_coverageSchema":"1a1c01bbd47fc00a2c39e90264f33305004495a9","hash":"07e4e6c0fae0f29e2220d66faa5ccedcc36259b1"}
,"C:\\Users\\DELL\\Desktop\\PM3AhmedHazem\\versioning-service\\src\\controllers\\version.controller.js": {"path":"C:\\Users\\DELL\\Desktop\\PM3AhmedHazem\\versioning-service\\src\\controllers\\version.controller.js","statementMap":{"0":{"start":{"line":1,"column":23},"end":{"line":1,"column":61}},"1":{"start":{"line":2,"column":28},"end":{"line":2,"column":56}},"2":{"start":{"line":3,"column":15},"end":{"line":3,"column":49}},"3":{"start":{"line":6,"column":2},"end":{"line":18,"column":3}},"4":{"start":{"line":7,"column":20},"end":{"line":7,"column":64}},"5":{"start":{"line":9,"column":4},"end":{"line":12,"column":7}},"6":{"start":{"line":14,"column":21},"end":{"line":14,"column":55}},"7":{"start":{"line":15,"column":4},"end":{"line":15,"column":56}},"8":{"start":{"line":17,"column":4},"end":{"line":17,"column":14}},"9":{"start":{"line":22,"column":2},"end":{"line":29,"column":3}},"10":{"start":{"line":23,"column":21},"end":{"line":23,"column":80}},"11":{"start":{"line":25,"column":21},"end":{"line":25,"column":56}},"12":{"start":{"line":26,"column":4},"end":{"line":26,"column":56}},"13":{"start":{"line":28,"column":4},"end":{"line":28,"column":14}},"14":{"start":{"line":32,"column":0},"end":{"line":35,"column":2}}},"fnMap":{"0":{"name":"createVersion","decl":{"start":{"line":5,"column":15},"end":{"line":5,"column":28}},"loc":{"start":{"line":5,"column":45},"end":{"line":19,"column":1}},"line":5},"1":{"name":"getVersions","decl":{"start":{"line":21,"column":15},"end":{"line":21,"column":26}},"loc":{"start":{"line":21,"column":43},"end":{"line":30,"column":1}},"line":21}},"branchMap":{},"s":{"0":1,"1":1,"2":1,"3":1,"4":1,"5":1,"6":1,"7":1,"8":0,"9":1,"10":1,"11":1,"12":1,"13":0,"14":1},"f":{"0":1,"1":1},"b":{},"_coverageSchema":"1a1c01bbd47fc00a2c39e90264f33305004495a9","hash":"4c7575fbc9dfd830a3d43c9d79d475192b55c3b4"}
,"C:\\Users\\DELL\\Desktop\\PM3AhmedHazem\\versioning-service\\src\\docs\\swagger.js": {"path":"C:\\Users\\DELL\\Desktop\\PM3AhmedHazem\\versioning-service\\src\\docs\\swagger.js","statementMap":{"0":{"start":{"line":1,"column":21},"end":{"line":1,"column":45}},"1":{"start":{"line":3,"column":14},"end":{"line":13,"column":2}},"2":{"start":{"line":15,"column":0},"end":{"line":15,"column":23}}},"fnMap":{},"branchMap":{},"s":{"0":1,"1":1,"2":1},"f":{},"b":{},"_coverageSchema":"1a1c01bbd47fc00a2c39e90264f33305004495a9","hash":"7bddd74447073d2ada1c13039728e510cba04a03"}
,"C:\\Users\\DELL\\Desktop\\PM3AhmedHazem\\versioning-service\\src\\middleware\\error.middleware.js": {"path":"C:\\Users\\DELL\\Desktop\\PM3AhmedHazem\\versioning-service\\src\\middleware\\error.middleware.js","statementMap":{"0":{"start":{"line":2,"column":21},"end":{"line":2,"column":42}},"1":{"start":{"line":4,"column":2},"end":{"line":15,"column":5}},"2":{"start":{"line":18,"column":0},"end":{"line":18,"column":33}}},"fnMap":{"0":{"name":"errorMiddleware","decl":{"start":{"line":1,"column":9},"end":{"line":1,"column":24}},"loc":{"start":{"line":1,"column":46},"end":{"line":16,"column":1}},"line":1}},"branchMap":{"0":{"loc":{"start":{"line":2,"column":21},"end":{"line":2,"column":42}},"type":"binary-expr","locations":[{"start":{"line":2,"column":21},"end":{"line":2,"column":35}},{"start":{"line":2,"column":39},"end":{"line":2,"column":42}}],"line":2},"1":{"loc":{"start":{"line":7,"column":12},"end":{"line":7,"column":47}},"type":"binary-expr","locations":[{"start":{"line":7,"column":12},"end":{"line":7,"column":20}},{"start":{"line":7,"column":24},"end":{"line":7,"column":47}}],"line":7},"2":{"loc":{"start":{"line":8,"column":15},"end":{"line":8,"column":55}},"type":"binary-expr","locations":[{"start":{"line":8,"column":15},"end":{"line":8,"column":26}},{"start":{"line":8,"column":30},"end":{"line":8,"column":55}}],"line":8},"3":{"loc":{"start":{"line":9,"column":15},"end":{"line":9,"column":32}},"type":"binary-expr","locations":[{"start":{"line":9,"column":15},"end":{"line":9,"column":26}},{"start":{"line":9,"column":30},"end":{"line":9,"column":32}}],"line":9}},"s":{"0":0,"1":0,"2":1},"f":{"0":0},"b":{"0":[0,0],"1":[0,0],"2":[0,0],"3":[0,0]},"_coverageSchema":"1a1c01bbd47fc00a2c39e90264f33305004495a9","hash":"1f53acc4e9d7e9d3702f63a5357268250ba3e155"}
,"C:\\Users\\DELL\\Desktop\\PM3AhmedHazem\\versioning-service\\src\\middleware\\request-id.middleware.js": {"path":"C:\\Users\\DELL\\Desktop\\PM3AhmedHazem\\versioning-service\\src\\middleware\\request-id.middleware.js","statementMap":{"0":{"start":{"line":1,"column":23},"end":{"line":1,"column":38}},"1":{"start":{"line":4,"column":2},"end":{"line":4,"column":58}},"2":{"start":{"line":5,"column":2},"end":{"line":5,"column":47}},"3":{"start":{"line":6,"column":2},"end":{"line":6,"column":9}},"4":{"start":{"line":9,"column":0},"end":{"line":9,"column":37}}},"fnMap":{"0":{"name":"requestIdMiddleware","decl":{"start":{"line":3,"column":9},"end":{"line":3,"column":28}},"loc":{"start":{"line":3,"column":45},"end":{"line":7,"column":1}},"line":3}},"branchMap":{"0":{"loc":{"start":{"line":4,"column":18},"end":{"line":4,"column":57}},"type":"binary-expr","locations":[{"start":{"line":4,"column":18},"end":{"line":4,"column":45}},{"start":{"line":4,"column":49},"end":{"line":4,"column":57}}],"line":4}},"s":{"0":1,"1":3,"2":3,"3":3,"4":1},"f":{"0":3},"b":{"0":[3,3]},"_coverageSchema":"1a1c01bbd47fc00a2c39e90264f33305004495a9","hash":"c75a5dd3f844694135452d3230c429a3afe44c5f"}
,"C:\\Users\\DELL\\Desktop\\PM3AhmedHazem\\versioning-service\\src\\observability\\logger.js": {"path":"C:\\Users\\DELL\\Desktop\\PM3AhmedHazem\\versioning-service\\src\\observability\\logger.js","statementMap":{"0":{"start":{"line":2,"column":16},"end":{"line":9,"column":3}},"1":{"start":{"line":11,"column":2},"end":{"line":11,"column":37}},"2":{"start":{"line":14,"column":0},"end":{"line":18,"column":2}},"3":{"start":{"line":15,"column":33},"end":{"line":15,"column":65}},"4":{"start":{"line":16,"column":33},"end":{"line":16,"column":65}},"5":{"start":{"line":17,"column":34},"end":{"line":17,"column":67}}},"fnMap":{"0":{"name":"log","decl":{"start":{"line":1,"column":9},"end":{"line":1,"column":12}},"loc":{"start":{"line":1,"column":53},"end":{"line":12,"column":1}},"line":1},"1":{"name":"(anonymous_1)","decl":{"start":{"line":15,"column":8},"end":{"line":15,"column":9}},"loc":{"start":{"line":15,"column":33},"end":{"line":15,"column":65}},"line":15},"2":{"name":"(anonymous_2)","decl":{"start":{"line":16,"column":8},"end":{"line":16,"column":9}},"loc":{"start":{"line":16,"column":33},"end":{"line":16,"column":65}},"line":16},"3":{"name":"(anonymous_3)","decl":{"start":{"line":17,"column":9},"end":{"line":17,"column":10}},"loc":{"start":{"line":17,"column":34},"end":{"line":17,"column":67}},"line":17}},"branchMap":{"0":{"loc":{"start":{"line":1,"column":29},"end":{"line":1,"column":39}},"type":"default-arg","locations":[{"start":{"line":1,"column":35},"end":{"line":1,"column":39}}],"line":1},"1":{"loc":{"start":{"line":1,"column":41},"end":{"line":1,"column":51}},"type":"default-arg","locations":[{"start":{"line":1,"column":49},"end":{"line":1,"column":51}}],"line":1},"2":{"loc":{"start":{"line":5,"column":16},"end":{"line":5,"column":38}},"type":"binary-expr","locations":[{"start":{"line":5,"column":16},"end":{"line":5,"column":30}},{"start":{"line":5,"column":34},"end":{"line":5,"column":38}}],"line":5}},"s":{"0":1,"1":1,"2":1,"3":1,"4":0,"5":0},"f":{"0":1,"1":1,"2":0,"3":0},"b":{"0":[0],"1":[0],"2":[1,0]},"_coverageSchema":"1a1c01bbd47fc00a2c39e90264f33305004495a9","hash":"16669efc51cf88d4c34817a058a3e80821310921"}
,"C:\\Users\\DELL\\Desktop\\PM3AhmedHazem\\versioning-service\\src\\observability\\metrics.js": {"path":"C:\\Users\\DELL\\Desktop\\PM3AhmedHazem\\versioning-service\\src\\observability\\metrics.js","statementMap":{"0":{"start":{"line":1,"column":15},"end":{"line":1,"column":37}},"1":{"start":{"line":3,"column":17},"end":{"line":3,"column":38}},"2":{"start":{"line":5,"column":0},"end":{"line":7,"column":3}},"3":{"start":{"line":9,"column":26},"end":{"line":13,"column":2}},"4":{"start":{"line":15,"column":35},"end":{"line":20,"column":2}},"5":{"start":{"line":22,"column":24},"end":{"line":26,"column":2}},"6":{"start":{"line":28,"column":0},"end":{"line":28,"column":43}},"7":{"start":{"line":29,"column":0},"end":{"line":29,"column":52}},"8":{"start":{"line":30,"column":0},"end":{"line":30,"column":41}},"9":{"start":{"line":33,"column":14},"end":{"line":33,"column":53}},"10":{"start":{"line":35,"column":2},"end":{"line":49,"column":5}},"11":{"start":{"line":36,"column":18},"end":{"line":36,"column":45}},"12":{"start":{"line":37,"column":19},"end":{"line":41,"column":5}},"13":{"start":{"line":43,"column":4},"end":{"line":43,"column":34}},"14":{"start":{"line":44,"column":4},"end":{"line":44,"column":16}},"15":{"start":{"line":46,"column":4},"end":{"line":48,"column":5}},"16":{"start":{"line":47,"column":6},"end":{"line":47,"column":34}},"17":{"start":{"line":51,"column":2},"end":{"line":51,"column":9}},"18":{"start":{"line":54,"column":0},"end":{"line":57,"column":2}}},"fnMap":{"0":{"name":"metricsMiddleware","decl":{"start":{"line":32,"column":9},"end":{"line":32,"column":26}},"loc":{"start":{"line":32,"column":43},"end":{"line":52,"column":1}},"line":32},"1":{"name":"(anonymous_1)","decl":{"start":{"line":35,"column":19},"end":{"line":35,"column":20}},"loc":{"start":{"line":35,"column":25},"end":{"line":49,"column":3}},"line":35}},"branchMap":{"0":{"loc":{"start":{"line":36,"column":18},"end":{"line":36,"column":45}},"type":"binary-expr","locations":[{"start":{"line":36,"column":18},"end":{"line":36,"column":33}},{"start":{"line":36,"column":37},"end":{"line":36,"column":45}}],"line":36},"1":{"loc":{"start":{"line":46,"column":4},"end":{"line":48,"column":5}},"type":"if","locations":[{"start":{"line":46,"column":4},"end":{"line":48,"column":5}},{"start":{},"end":{}}],"line":46}},"s":{"0":1,"1":1,"2":1,"3":1,"4":1,"5":1,"6":1,"7":1,"8":1,"9":3,"10":3,"11":3,"12":3,"13":3,"14":3,"15":3,"16":0,"17":3,"18":1},"f":{"0":3,"1":3},"b":{"0":[3,0],"1":[0,3]},"_coverageSchema":"1a1c01bbd47fc00a2c39e90264f33305004495a9","hash":"a6036736396c7c5eb29311194b3c9e96940a23c6"}
,"C:\\Users\\DELL\\Desktop\\PM3AhmedHazem\\versioning-service\\src\\routes\\docs.routes.js": {"path":"C:\\Users\\DELL\\Desktop\\PM3AhmedHazem\\versioning-service\\src\\routes\\docs.routes.js","statementMap":{"0":{"start":{"line":1,"column":16},"end":{"line":1,"column":34}},"1":{"start":{"line":2,"column":18},"end":{"line":2,"column":47}},"2":{"start":{"line":3,"column":14},"end":{"line":3,"column":40}},"3":{"start":{"line":5,"column":15},"end":{"line":5,"column":31}},"4":{"start":{"line":7,"column":0},"end":{"line":7,"column":61}},"5":{"start":{"line":9,"column":0},"end":{"line":9,"column":24}}},"fnMap":{},"branchMap":{},"s":{"0":1,"1":1,"2":1,"3":1,"4":1,"5":1},"f":{},"b":{},"_coverageSchema":"1a1c01bbd47fc00a2c39e90264f33305004495a9","hash":"66eb25f6b760ee8072901a0e6a6d68ecefbbcad1"}
,"C:\\Users\\DELL\\Desktop\\PM3AhmedHazem\\versioning-service\\src\\routes\\health.routes.js": {"path":"C:\\Users\\DELL\\Desktop\\PM3AhmedHazem\\versioning-service\\src\\routes\\health.routes.js","statementMap":{"0":{"start":{"line":1,"column":16},"end":{"line":1,"column":34}},"1":{"start":{"line":3,"column":15},"end":{"line":3,"column":31}},"2":{"start":{"line":5,"column":0},"end":{"line":16,"column":3}},"3":{"start":{"line":6,"column":2},"end":{"line":15,"column":5}},"4":{"start":{"line":18,"column":0},"end":{"line":30,"column":3}},"5":{"start":{"line":19,"column":2},"end":{"line":29,"column":5}},"6":{"start":{"line":32,"column":0},"end":{"line":32,"column":24}}},"fnMap":{"0":{"name":"(anonymous_0)","decl":{"start":{"line":5,"column":22},"end":{"line":5,"column":23}},"loc":{"start":{"line":5,"column":36},"end":{"line":16,"column":1}},"line":5},"1":{"name":"(anonymous_1)","decl":{"start":{"line":18,"column":21},"end":{"line":18,"column":22}},"loc":{"start":{"line":18,"column":35},"end":{"line":30,"column":1}},"line":18}},"branchMap":{"0":{"loc":{"start":{"line":12,"column":15},"end":{"line":12,"column":63}},"type":"binary-expr","locations":[{"start":{"line":12,"column":15},"end":{"line":12,"column":39}},{"start":{"line":12,"column":43},"end":{"line":12,"column":63}}],"line":12},"1":{"loc":{"start":{"line":13,"column":18},"end":{"line":13,"column":39}},"type":"binary-expr","locations":[{"start":{"line":13,"column":18},"end":{"line":13,"column":31}},{"start":{"line":13,"column":35},"end":{"line":13,"column":39}}],"line":13},"2":{"loc":{"start":{"line":26,"column":15},"end":{"line":26,"column":63}},"type":"binary-expr","locations":[{"start":{"line":26,"column":15},"end":{"line":26,"column":39}},{"start":{"line":26,"column":43},"end":{"line":26,"column":63}}],"line":26},"3":{"loc":{"start":{"line":27,"column":18},"end":{"line":27,"column":39}},"type":"binary-expr","locations":[{"start":{"line":27,"column":18},"end":{"line":27,"column":31}},{"start":{"line":27,"column":35},"end":{"line":27,"column":39}}],"line":27}},"s":{"0":1,"1":1,"2":1,"3":1,"4":1,"5":0,"6":1},"f":{"0":1,"1":0},"b":{"0":[1,0],"1":[1,0],"2":[0,0],"3":[0,0]},"_coverageSchema":"1a1c01bbd47fc00a2c39e90264f33305004495a9","hash":"69afe9b5bcf7fcab7cf6f4b093fce8a850ff6633"}
,"C:\\Users\\DELL\\Desktop\\PM3AhmedHazem\\versioning-service\\src\\routes\\metrics.routes.js": {"path":"C:\\Users\\DELL\\Desktop\\PM3AhmedHazem\\versioning-service\\src\\routes\\metrics.routes.js","statementMap":{"0":{"start":{"line":1,"column":16},"end":{"line":1,"column":34}},"1":{"start":{"line":2,"column":21},"end":{"line":2,"column":56}},"2":{"start":{"line":4,"column":15},"end":{"line":4,"column":31}},"3":{"start":{"line":6,"column":0},"end":{"line":9,"column":3}},"4":{"start":{"line":7,"column":2},"end":{"line":7,"column":48}},"5":{"start":{"line":8,"column":2},"end":{"line":8,"column":36}},"6":{"start":{"line":11,"column":0},"end":{"line":11,"column":24}}},"fnMap":{"0":{"name":"(anonymous_0)","decl":{"start":{"line":6,"column":23},"end":{"line":6,"column":24}},"loc":{"start":{"line":6,"column":43},"end":{"line":9,"column":1}},"line":6}},"branchMap":{},"s":{"0":1,"1":1,"2":1,"3":1,"4":0,"5":0,"6":1},"f":{"0":0},"b":{},"_coverageSchema":"1a1c01bbd47fc00a2c39e90264f33305004495a9","hash":"3fe86f74f3950a6f97085b109c1f6819d0d4dc0b"}
,"C:\\Users\\DELL\\Desktop\\PM3AhmedHazem\\versioning-service\\src\\routes\\version.routes.js": {"path":"C:\\Users\\DELL\\Desktop\\PM3AhmedHazem\\versioning-service\\src\\routes\\version.routes.js","statementMap":{"0":{"start":{"line":1,"column":16},"end":{"line":1,"column":34}},"1":{"start":{"line":2,"column":19},"end":{"line":2,"column":63}},"2":{"start":{"line":4,"column":15},"end":{"line":4,"column":31}},"3":{"start":{"line":36,"column":0},"end":{"line":36,"column":51}},"4":{"start":{"line":57,"column":0},"end":{"line":57,"column":48}},"5":{"start":{"line":58,"column":0},"end":{"line":58,"column":51}},"6":{"start":{"line":59,"column":0},"end":{"line":59,"column":48}},"7":{"start":{"line":61,"column":0},"end":{"line":61,"column":24}}},"fnMap":{},"branchMap":{},"s":{"0":1,"1":1,"2":1,"3":1,"4":1,"5":1,"6":1,"7":1},"f":{},"b":{},"_coverageSchema":"1a1c01bbd47fc00a2c39e90264f33305004495a9","hash":"870956d88ee9bbe3c02908229c5ffe651ea63e2b"}
,"C:\\Users\\DELL\\Desktop\\PM3AhmedHazem\\versioning-service\\src\\services\\version.service.js": {"path":"C:\\Users\\DELL\\Desktop\\PM3AhmedHazem\\versioning-service\\src\\services\\version.service.js","statementMap":{"0":{"start":{"line":1,"column":19},"end":{"line":1,"column":64}},"1":{"start":{"line":2,"column":34},"end":{"line":2,"column":62}},"2":{"start":{"line":5,"column":49},"end":{"line":5,"column":54}},"3":{"start":{"line":7,"column":2},"end":{"line":12,"column":3}},"4":{"start":{"line":8,"column":18},"end":{"line":8,"column":50}},"5":{"start":{"line":9,"column":4},"end":{"line":9,"column":36}},"6":{"start":{"line":10,"column":4},"end":{"line":10,"column":27}},"7":{"start":{"line":11,"column":4},"end":{"line":11,"column":16}},"8":{"start":{"line":14,"column":2},"end":{"line":19,"column":3}},"9":{"start":{"line":15,"column":18},"end":{"line":15,"column":68}},"10":{"start":{"line":16,"column":4},"end":{"line":16,"column":38}},"11":{"start":{"line":17,"column":4},"end":{"line":17,"column":27}},"12":{"start":{"line":18,"column":4},"end":{"line":18,"column":16}},"13":{"start":{"line":21,"column":2},"end":{"line":40,"column":3}},"14":{"start":{"line":22,"column":20},"end":{"line":26,"column":6}},"15":{"start":{"line":28,"column":4},"end":{"line":28,"column":41}},"16":{"start":{"line":30,"column":4},"end":{"line":30,"column":19}},"17":{"start":{"line":32,"column":4},"end":{"line":37,"column":5}},"18":{"start":{"line":33,"column":20},"end":{"line":33,"column":69}},"19":{"start":{"line":34,"column":6},"end":{"line":34,"column":39}},"20":{"start":{"line":35,"column":6},"end":{"line":35,"column":29}},"21":{"start":{"line":36,"column":6},"end":{"line":36,"column":18}},"22":{"start":{"line":39,"column":4},"end":{"line":39,"column":14}},"23":{"start":{"line":44,"column":2},"end":{"line":49,"column":3}},"24":{"start":{"line":45,"column":18},"end":{"line":45,"column":66}},"25":{"start":{"line":46,"column":4},"end":{"line":46,"column":36}},"26":{"start":{"line":47,"column":4},"end":{"line":47,"column":27}},"27":{"start":{"line":48,"column":4},"end":{"line":48,"column":16}},"28":{"start":{"line":51,"column":2},"end":{"line":51,"column":49}},"29":{"start":{"line":54,"column":0},"end":{"line":57,"column":2}}},"fnMap":{"0":{"name":"createVersion","decl":{"start":{"line":4,"column":15},"end":{"line":4,"column":28}},"loc":{"start":{"line":4,"column":36},"end":{"line":41,"column":1}},"line":4},"1":{"name":"getVersionsByFileId","decl":{"start":{"line":43,"column":15},"end":{"line":43,"column":34}},"loc":{"start":{"line":43,"column":44},"end":{"line":52,"column":1}},"line":43}},"branchMap":{"0":{"loc":{"start":{"line":7,"column":2},"end":{"line":12,"column":3}},"type":"if","locations":[{"start":{"line":7,"column":2},"end":{"line":12,"column":3}},{"start":{},"end":{}}],"line":7},"1":{"loc":{"start":{"line":14,"column":2},"end":{"line":19,"column":3}},"type":"if","locations":[{"start":{"line":14,"column":2},"end":{"line":19,"column":3}},{"start":{},"end":{}}],"line":14},"2":{"loc":{"start":{"line":14,"column":6},"end":{"line":14,"column":44}},"type":"binary-expr","locations":[{"start":{"line":14,"column":6},"end":{"line":14,"column":17}},{"start":{"line":14,"column":21},"end":{"line":14,"column":44}}],"line":14},"3":{"loc":{"start":{"line":32,"column":4},"end":{"line":37,"column":5}},"type":"if","locations":[{"start":{"line":32,"column":4},"end":{"line":37,"column":5}},{"start":{},"end":{}}],"line":32},"4":{"loc":{"start":{"line":44,"column":2},"end":{"line":49,"column":3}},"type":"if","locations":[{"start":{"line":44,"column":2},"end":{"line":49,"column":3}},{"start":{},"end":{}}],"line":44}},"s":{"0":2,"1":2,"2":5,"3":5,"4":1,"5":1,"6":1,"7":1,"8":4,"9":1,"10":1,"11":1,"12":1,"13":3,"14":3,"15":2,"16":2,"17":1,"18":1,"19":1,"20":1,"21":1,"22":0,"23":2,"24":0,"25":0,"26":0,"27":0,"28":2,"29":2},"f":{"0":5,"1":2},"b":{"0":[1,4],"1":[1,3],"2":[4,3],"3":[1,0],"4":[0,2]},"_coverageSchema":"1a1c01bbd47fc00a2c39e90264f33305004495a9","hash":"abbc2b2c5b8c86479d2097115aaa413620c8996b"}
,"C:\\Users\\DELL\\Desktop\\PM3AhmedHazem\\versioning-service\\src\\utils\\response.js": {"path":"C:\\Users\\DELL\\Desktop\\PM3AhmedHazem\\versioning-service\\src\\utils\\response.js","statementMap":{"0":{"start":{"line":2,"column":2},"end":{"line":12,"column":4}},"1":{"start":{"line":16,"column":2},"end":{"line":30,"column":4}},"2":{"start":{"line":33,"column":0},"end":{"line":36,"column":2}}},"fnMap":{"0":{"name":"successResponse","decl":{"start":{"line":1,"column":9},"end":{"line":1,"column":24}},"loc":{"start":{"line":1,"column":54},"end":{"line":13,"column":1}},"line":1},"1":{"name":"errorResponse","decl":{"start":{"line":15,"column":9},"end":{"line":15,"column":22}},"loc":{"start":{"line":15,"column":75},"end":{"line":31,"column":1}},"line":15}},"branchMap":{"0":{"loc":{"start":{"line":1,"column":36},"end":{"line":1,"column":52}},"type":"default-arg","locations":[{"start":{"line":1,"column":49},"end":{"line":1,"column":52}}],"line":1},"1":{"loc":{"start":{"line":15,"column":43},"end":{"line":15,"column":55}},"type":"default-arg","locations":[{"start":{"line":15,"column":53},"end":{"line":15,"column":55}}],"line":15},"2":{"loc":{"start":{"line":15,"column":57},"end":{"line":15,"column":73}},"type":"default-arg","locations":[{"start":{"line":15,"column":70},"end":{"line":15,"column":73}}],"line":15}},"s":{"0":2,"1":0,"2":1},"f":{"0":2,"1":0},"b":{"0":[0],"1":[0],"2":[0]},"_coverageSchema":"1a1c01bbd47fc00a2c39e90264f33305004495a9","hash":"926ff3732691cf2124d96fe9c93b3d2d02292116"}
}
