TN:
SF:src\app.js
FNF:0
FNH:0
DA:1,1
DA:3,1
DA:4,1
DA:5,1
DA:7,1
DA:8,1
DA:9,1
DA:11,1
DA:12,1
DA:13,1
DA:14,1
DA:16,1
DA:18,1
DA:19,1
DA:20,1
DA:22,1
DA:23,1
DA:25,1
DA:26,1
DA:27,1
DA:28,1
DA:30,1
DA:32,1
LF:23
LH:23
BRF:0
BRH:0
end_of_record
TN:
SF:src\controllers\version.controller.js
FN:5,createVersion
FN:21,getVersions
FNF:2
FNH:2
FNDA:1,createVersion
FNDA:1,getVersions
DA:1,1
DA:2,1
DA:3,1
DA:6,1
DA:7,1
DA:9,1
DA:14,1
DA:15,1
DA:17,0
DA:22,1
DA:23,1
DA:25,1
DA:26,1
DA:28,0
DA:32,1
LF:15
LH:13
BRF:0
BRH:0
end_of_record
TN:
SF:src\docs\swagger.js
FNF:0
FNH:0
DA:1,1
DA:3,1
DA:15,1
LF:3
LH:3
BRF:0
BRH:0
end_of_record
TN:
SF:src\middleware\error.middleware.js
FN:1,errorMiddleware
FNF:1
FNH:0
FNDA:0,errorMiddleware
DA:2,0
DA:4,0
DA:18,1
LF:3
LH:1
BRDA:2,0,0,0
BRDA:2,0,1,0
BRDA:7,1,0,0
BRDA:7,1,1,0
BRDA:8,2,0,0
BRDA:8,2,1,0
BRDA:9,3,0,0
BRDA:9,3,1,0
BRF:8
BRH:0
end_of_record
TN:
SF:src\middleware\request-id.middleware.js
FN:3,requestIdMiddleware
FNF:1
FNH:1
FNDA:3,requestIdMiddleware
DA:1,1
DA:4,3
DA:5,3
DA:6,3
DA:9,1
LF:5
LH:5
BRDA:4,0,0,3
BRDA:4,0,1,3
BRF:2
BRH:2
end_of_record
TN:
SF:src\observability\logger.js
FN:1,log
FN:15,(anonymous_1)
FN:16,(anonymous_2)
FN:17,(anonymous_3)
FNF:4
FNH:2
FNDA:1,log
FNDA:1,(anonymous_1)
FNDA:0,(anonymous_2)
FNDA:0,(anonymous_3)
DA:2,1
DA:11,1
DA:14,1
DA:15,1
DA:16,0
DA:17,0
LF:6
LH:4
BRDA:1,0,0,0
BRDA:1,1,0,0
BRDA:5,2,0,1
BRDA:5,2,1,0
BRF:4
BRH:1
end_of_record
TN:
SF:src\observability\metrics.js
FN:32,metricsMiddleware
FN:35,(anonymous_1)
FNF:2
FNH:2
FNDA:3,metricsMiddleware
FNDA:3,(anonymous_1)
DA:1,1
DA:3,1
DA:5,1
DA:9,1
DA:15,1
DA:22,1
DA:28,1
DA:29,1
DA:30,1
DA:33,3
DA:35,3
DA:36,3
DA:37,3
DA:43,3
DA:44,3
DA:46,3
DA:47,0
DA:51,3
DA:54,1
LF:19
LH:18
BRDA:36,0,0,3
BRDA:36,0,1,0
BRDA:46,1,0,0
BRDA:46,1,1,3
BRF:4
BRH:2
end_of_record
TN:
SF:src\routes\docs.routes.js
FNF:0
FNH:0
DA:1,1
DA:2,1
DA:3,1
DA:5,1
DA:7,1
DA:9,1
LF:6
LH:6
BRF:0
BRH:0
end_of_record
TN:
SF:src\routes\health.routes.js
FN:5,(anonymous_0)
FN:18,(anonymous_1)
FNF:2
FNH:1
FNDA:1,(anonymous_0)
FNDA:0,(anonymous_1)
DA:1,1
DA:3,1
DA:5,1
DA:6,1
DA:18,1
DA:19,0
DA:32,1
LF:7
LH:6
BRDA:12,0,0,1
BRDA:12,0,1,0
BRDA:13,1,0,1
BRDA:13,1,1,0
BRDA:26,2,0,0
BRDA:26,2,1,0
BRDA:27,3,0,0
BRDA:27,3,1,0
BRF:8
BRH:2
end_of_record
TN:
SF:src\routes\metrics.routes.js
FN:6,(anonymous_0)
FNF:1
FNH:0
FNDA:0,(anonymous_0)
DA:1,1
DA:2,1
DA:4,1
DA:6,1
DA:7,0
DA:8,0
DA:11,1
LF:7
LH:5
BRF:0
BRH:0
end_of_record
TN:
SF:src\routes\version.routes.js
FNF:0
FNH:0
DA:1,1
DA:2,1
DA:4,1
DA:36,1
DA:57,1
DA:58,1
DA:59,1
DA:61,1
LF:8
LH:8
BRF:0
BRH:0
end_of_record
TN:
SF:src\services\version.service.js
FN:4,createVersion
FN:43,getVersionsByFileId
FNF:2
FNH:2
FNDA:5,createVersion
FNDA:2,getVersionsByFileId
DA:1,2
DA:2,2
DA:5,5
DA:7,5
DA:8,1
DA:9,1
DA:10,1
DA:11,1
DA:14,4
DA:15,1
DA:16,1
DA:17,1
DA:18,1
DA:21,3
DA:22,3
DA:28,2
DA:30,2
DA:32,1
DA:33,1
DA:34,1
DA:35,1
DA:36,1
DA:39,0
DA:44,2
DA:45,0
DA:46,0
DA:47,0
DA:48,0
DA:51,2
DA:54,2
LF:30
LH:25
BRDA:7,0,0,1
BRDA:7,0,1,4
BRDA:14,1,0,1
BRDA:14,1,1,3
BRDA:14,2,0,4
BRDA:14,2,1,3
BRDA:32,3,0,1
BRDA:32,3,1,0
BRDA:44,4,0,0
BRDA:44,4,1,2
BRF:10
BRH:8
end_of_record
TN:
SF:src\utils\response.js
FN:1,successResponse
FN:15,errorResponse
FNF:2
FNH:1
FNDA:2,successResponse
FNDA:0,errorResponse
DA:2,2
DA:16,0
DA:33,1
LF:3
LH:2
BRDA:1,0,0,0
BRDA:15,1,0,0
BRDA:15,2,0,0
BRF:3
BRH:0
end_of_record
